<?xml version="1.0" encoding="UTF-8"?>
<!-- Generated by org.testng.reporters.JUnitXMLReporter -->
<testsuite ignored="0" hostname="MacBook-Air.local" failures="0" tests="5" name="Default test" time="26.493" errors="0" timestamp="2025-05-17T16:47:35 IST">
  <testcase classname="testcases.AddPatientTest" name="TS19" time="1.595"/>
  <testcase classname="testcases.AddPatientTest" name="TS18" time="11.239"/>
  <testcase classname="testcases.AddPatientTest" name="TS21" time="0.275"/>
  <testcase classname="testcases.AddPatientTest" name="TS20" time="0.178"/>
  <testcase classname="testcases.AddPatientTest" name="TS22" time="4.844"/>
</testsuite> <!-- Default test -->
