<?xml version="1.0" encoding="UTF-8"?>
<!-- Generated by org.testng.reporters.JUnitXMLReporter -->
<testsuite ignored="0" hostname="MacBook-Air.local" failures="0" tests="5" name="AddPatient Test" time="25.543" errors="0" timestamp="2025-05-16T17:41:39 IST">
  <testcase classname="testcases.AddPatientTest" name="TS19" time="1.522"/>
  <testcase classname="testcases.AddPatientTest" name="TS18" time="11.205"/>
  <testcase classname="testcases.AddPatientTest" name="TS21" time="0.211"/>
  <testcase classname="testcases.AddPatientTest" name="TS20" time="0.192"/>
  <testcase classname="testcases.AddPatientTest" name="TS22" time="4.994"/>
</testsuite> <!-- AddPatient Test -->
