<?xml version="1.0" encoding="UTF-8"?>
<!-- Generated by org.testng.reporters.JUnitXMLReporter -->
<testsuite ignored="0" hostname="MacBook-Air.local" failures="0" tests="6" name="Dashboard Test" time="42.908" errors="0" timestamp="2025-05-16T17:42:22 IST">
  <testcase classname="testcases.DashboardTest" name="TS09" time="5.365"/>
  <testcase classname="testcases.DashboardTest" name="TS10" time="1.442"/>
  <testcase classname="testcases.DashboardTest" name="TS11" time="3.119"/>
  <testcase classname="testcases.DashboardTest" name="TS13" time="14.327"/>
  <testcase classname="testcases.DashboardTest" name="TS14" time="5.281"/>
  <testcase classname="testcases.DashboardTest" name="TS15" time="6.417"/>
</testsuite> <!-- Dashboard Test -->
