<?xml version="1.0" encoding="UTF-8"?>
<!-- Generated by org.testng.reporters.JUnitXMLReporter -->
<testsuite ignored="0" hostname="MacBook-Air.local" failures="0" tests="9" name="Other Tests" time="48.721" errors="0" timestamp="2025-05-16T15:39:30 IST">
  <testcase classname="testcases.LoginTest" name="TC01" time="7.105"/>
  <testcase classname="testcases.AddPatientTest" name="TS19" time="1.503"/>
  <testcase classname="testcases.AddPatientTest" name="TS18" time="11.217"/>
  <testcase classname="testcases.AddPatientTest" name="TS21" time="0.244"/>
  <testcase classname="testcases.AddPatientTest" name="TS20" time="0.174"/>
  <testcase classname="testcases.AddPatientTest" name="TS22" time="4.845"/>
  <testcase classname="testcases.TodoTest" name="TS05" time="3.266"/>
  <testcase classname="testcases.TodoTest" name="TS06" time="0.783"/>
  <testcase classname="testcases.TodoTest" name="TS07" time="0.676"/>
</testsuite> <!-- Other Tests -->
