<?xml version="1.0" encoding="UTF-8"?>
<testng-results ignored="0" total="5" passed="5" failed="0" skipped="0">
  <reporter-output>
  </reporter-output>
  <suite started-at="2025-05-17T16:47:08 IST" name="Default suite" finished-at="2025-05-17T16:47:35 IST" duration-ms="26493">
    <groups>
    </groups>
    <test started-at="2025-05-17T16:47:08 IST" name="Default test" finished-at="2025-05-17T16:47:35 IST" duration-ms="26493">
      <class name="testcases.AddPatientTest">
        <test-method is-config="true" signature="setup()[pri:0, instance:testcases.AddPatientTest@4961f6af]" started-at="2025-05-17T16:47:08 IST" name="setup" finished-at="2025-05-17T16:47:13 IST" duration-ms="4185" status="PASS">
          <reporter-output>
          </reporter-output>
        </test-method> <!-- setup -->
        <test-method is-config="true" signature="initPage()[pri:0, instance:testcases.AddPatientTest@4961f6af]" started-at="2025-05-17T16:47:13 IST" name="initPage" finished-at="2025-05-17T16:47:17 IST" duration-ms="3855" status="PASS">
          <reporter-output>
          </reporter-output>
        </test-method> <!-- initPage -->
        <test-method signature="TS19()[pri:1, instance:testcases.AddPatientTest@4961f6af]" started-at="2025-05-17T16:47:17 IST" name="TS19" finished-at="2025-05-17T16:47:18 IST" duration-ms="1595" status="PASS">
          <reporter-output>
          </reporter-output>
        </test-method> <!-- TS19 -->
        <test-method signature="TS18(java.lang.String,java.lang.String,java.lang.String)[pri:2, instance:testcases.AddPatientTest@4961f6af]" started-at="2025-05-17T16:47:18 IST" name="TS18" data-provider="allPatientData" finished-at="2025-05-17T16:47:29 IST" duration-ms="11239" status="PASS">
          <params>
            <param index="0">
              <value>
                <![CDATA[John Doe]]>
              </value>
            </param>
            <param index="1">
              <value>
                <![CDATA[john@example.com]]>
              </value>
            </param>
            <param index="2">
              <value>
                <![CDATA[9876543210]]>
              </value>
            </param>
          </params>
          <reporter-output>
          </reporter-output>
        </test-method> <!-- TS18 -->
        <test-method signature="TS21(java.lang.String)[pri:3, instance:testcases.AddPatientTest@4961f6af]" started-at="2025-05-17T16:47:29 IST" name="TS21" data-provider="allPatientData" finished-at="2025-05-17T16:47:30 IST" duration-ms="275" status="PASS">
          <params>
            <param index="0">
              <value>
                <![CDATA[]]>
              </value>
            </param>
          </params>
          <reporter-output>
          </reporter-output>
        </test-method> <!-- TS21 -->
        <test-method signature="TS20(java.lang.String)[pri:4, instance:testcases.AddPatientTest@4961f6af]" started-at="2025-05-17T16:47:30 IST" name="TS20" data-provider="allPatientData" finished-at="2025-05-17T16:47:30 IST" duration-ms="178" status="PASS">
          <params>
            <param index="0">
              <value>
                <![CDATA[0]]>
              </value>
            </param>
          </params>
          <reporter-output>
          </reporter-output>
        </test-method> <!-- TS20 -->
        <test-method signature="TS22(java.lang.String,java.lang.String,java.lang.String,java.lang.String,java.lang.String,java.lang.String)[pri:5, instance:testcases.AddPatientTest@4961f6af]" started-at="2025-05-17T16:47:30 IST" name="TS22" data-provider="allPatientData" finished-at="2025-05-17T16:47:35 IST" duration-ms="4844" status="PASS">
          <params>
            <param index="0">
              <value>
                <![CDATA[170]]>
              </value>
            </param>
            <param index="1">
              <value>
                <![CDATA[70]]>
              </value>
            </param>
            <param index="2">
              <value>
                <![CDATA[30]]>
              </value>
            </param>
            <param index="3">
              <value>
                <![CDATA[male]]>
              </value>
            </param>
            <param index="4">
              <value>
                <![CDATA[120]]>
              </value>
            </param>
            <param index="5">
              <value>
                <![CDATA[80]]>
              </value>
            </param>
          </params>
          <reporter-output>
          </reporter-output>
        </test-method> <!-- TS22 -->
        <test-method is-config="true" signature="teardown()[pri:0, instance:testcases.AddPatientTest@4961f6af]" started-at="2025-05-17T16:47:35 IST" name="teardown" finished-at="2025-05-17T16:47:35 IST" duration-ms="233" status="PASS">
          <reporter-output>
          </reporter-output>
        </test-method> <!-- teardown -->
      </class> <!-- testcases.AddPatientTest -->
    </test> <!-- Default test -->
  </suite> <!-- Default suite -->
</testng-results>
